Arguments: 
  /usr/local/bin/node /usr/local/bin/yarn add ethereumjs

PATH: 
  /Users/alexandermorris/Desktop/Google-Cloud-Install/google-cloud-sdk/bin/:/usr/local/opt/python/libexec/bin:/usr/local/bin:/usr/bin:/bin:/usr/sbin:/sbin:/Users/alexandermorris/go-ethereum/build/bin

Yarn version: 
  1.7.0

Node version: 
  10.1.0

Platform: 
  darwin x64

Trace: 
  Error: https://registry.yarnpkg.com/ethereumjs: Not found
      at Request.params.callback [as _callback] (/usr/local/lib/node_modules/yarn/lib/cli.js:65656:18)
      at Request.self.callback (/usr/local/lib/node_modules/yarn/lib/cli.js:134675:22)
      at Request.emit (events.js:182:13)
      at Request.<anonymous> (/usr/local/lib/node_modules/yarn/lib/cli.js:135658:10)
      at Request.emit (events.js:182:13)
      at IncomingMessage.<anonymous> (/usr/local/lib/node_modules/yarn/lib/cli.js:135578:12)
      at Object.onceWrapper (events.js:273:13)
      at IncomingMessage.emit (events.js:187:15)
      at endReadableNT (_stream_readable.js:1086:12)
      at process._tickCallback (internal/process/next_tick.js:63:19)

npm manifest: 
  {
    "name": "t",
    "version": "1.0.0",
    "description": "",
    "main": "index.js",
    "scripts": {
      "test": "echo \"Error: no test specified\" && exit 1"
    },
    "author": "",
    "license": "ISC",
    "dependencies": {
      "eth-hd-wallet": "^0.4.0",
      "ethereum-wallet": "0.0.1",
      "ethereumjs-wallet": "^0.6.1"
    }
  }

yarn manifest: 
  No manifest

Lockfile: 
  # THIS IS AN AUTOGENERATED FILE. DO NOT EDIT THIS FILE DIRECTLY.
  # yarn lockfile v1
  
  
  aes-js@^3.1.0:
    version "3.1.1"
    resolved "https://registry.yarnpkg.com/aes-js/-/aes-js-3.1.1.tgz#89fd1f94ae51b4c72d62466adc1a7323ff52f072"
  
  base-x@^3.0.2:
    version "3.0.4"
    resolved "https://registry.yarnpkg.com/base-x/-/base-x-3.0.4.tgz#94c1788736da065edb1d68808869e357c977fa77"
    dependencies:
      safe-buffer "^5.0.1"
  
  bindings@^1.2.1:
    version "1.3.0"
    resolved "https://registry.yarnpkg.com/bindings/-/bindings-1.3.0.tgz#b346f6ecf6a95f5a815c5839fc7cdb22502f1ed7"
  
  bip66@^1.1.3:
    version "1.1.5"
    resolved "https://registry.yarnpkg.com/bip66/-/bip66-1.1.5.tgz#01fa8748785ca70955d5011217d1b3139969ca22"
    dependencies:
      safe-buffer "^5.0.1"
  
  bitcore-lib@^0.15.0:
    version "0.15.0"
    resolved "https://registry.yarnpkg.com/bitcore-lib/-/bitcore-lib-0.15.0.tgz#f924be13869f2aab7e04aeec5642ad3359b6cec2"
    dependencies:
      bn.js "=4.11.8"
      bs58 "=4.0.1"
      buffer-compare "=1.1.1"
      elliptic "=6.4.0"
      inherits "=2.0.1"
      lodash "=4.17.4"
  
  bitcore-mnemonic@^1.2.5:
    version "1.5.0"
    resolved "https://registry.yarnpkg.com/bitcore-mnemonic/-/bitcore-mnemonic-1.5.0.tgz#c7e785beb6bf0616ed4992785dc3658670425a39"
    dependencies:
      bitcore-lib "^0.15.0"
      unorm "^1.3.3"
  
  bn.js@=4.11.8, bn.js@^4.10.0, bn.js@^4.11.0, bn.js@^4.11.3, bn.js@^4.4.0:
    version "4.11.8"
    resolved "https://registry.yarnpkg.com/bn.js/-/bn.js-4.11.8.tgz#2cde09eb5ee341f484746bb0309b3253b1b1442f"
  
  brorand@^1.0.1:
    version "1.1.0"
    resolved "https://registry.yarnpkg.com/brorand/-/brorand-1.1.0.tgz#12c25efe40a45e3c323eb8675a0a0ce57b22371f"
  
  browserify-aes@^1.0.6:
    version "1.2.0"
    resolved "https://registry.yarnpkg.com/browserify-aes/-/browserify-aes-1.2.0.tgz#326734642f403dabc3003209853bb70ad428ef48"
    dependencies:
      buffer-xor "^1.0.3"
      cipher-base "^1.0.0"
      create-hash "^1.1.0"
      evp_bytestokey "^1.0.3"
      inherits "^2.0.1"
      safe-buffer "^5.0.1"
  
  bs58@=4.0.1, bs58@^4.0.0:
    version "4.0.1"
    resolved "https://registry.yarnpkg.com/bs58/-/bs58-4.0.1.tgz#be161e76c354f6f788ae4071f63f34e8c4f0a42a"
    dependencies:
      base-x "^3.0.2"
  
  bs58@^2.0.1:
    version "2.0.1"
    resolved "https://registry.yarnpkg.com/bs58/-/bs58-2.0.1.tgz#55908d58f1982aba2008fa1bed8f91998a29bf8d"
  
  bs58check@^2.1.1:
    version "2.1.2"
    resolved "https://registry.yarnpkg.com/bs58check/-/bs58check-2.1.2.tgz#53b018291228d82a5aa08e7d796fdafda54aebfc"
    dependencies:
      bs58 "^4.0.0"
      create-hash "^1.1.0"
      safe-buffer "^5.1.2"
  
  buffer-compare@=1.1.1:
    version "1.1.1"
    resolved "https://registry.yarnpkg.com/buffer-compare/-/buffer-compare-1.1.1.tgz#5be7be853af89198d1f4ddc090d1d66a48aef596"
  
  buffer-xor@^1.0.3:
    version "1.0.3"
    resolved "https://registry.yarnpkg.com/buffer-xor/-/buffer-xor-1.0.3.tgz#26e61ed1422fb70dd42e6e36729ed51d855fe8d9"
  
  cipher-base@^1.0.0, cipher-base@^1.0.1, cipher-base@^1.0.3:
    version "1.0.4"
    resolved "https://registry.yarnpkg.com/cipher-base/-/cipher-base-1.0.4.tgz#8760e4ecc272f4c363532f926d874aae2c1397de"
    dependencies:
      inherits "^2.0.1"
      safe-buffer "^5.0.1"
  
  coinstring@^2.0.0:
    version "2.3.0"
    resolved "https://registry.yarnpkg.com/coinstring/-/coinstring-2.3.0.tgz#cdb63363a961502404a25afb82c2e26d5ff627a4"
    dependencies:
      bs58 "^2.0.1"
      create-hash "^1.1.1"
  
  create-hash@^1.1.0, create-hash@^1.1.1, create-hash@^1.1.2:
    version "1.2.0"
    resolved "https://registry.yarnpkg.com/create-hash/-/create-hash-1.2.0.tgz#889078af11a63756bcfb59bd221996be3a9ef196"
    dependencies:
      cipher-base "^1.0.1"
      inherits "^2.0.1"
      md5.js "^1.3.4"
      ripemd160 "^2.0.1"
      sha.js "^2.4.0"
  
  create-hmac@^1.1.4:
    version "1.1.7"
    resolved "https://registry.yarnpkg.com/create-hmac/-/create-hmac-1.1.7.tgz#69170c78b3ab957147b2b8b04572e47ead2243ff"
    dependencies:
      cipher-base "^1.0.3"
      create-hash "^1.1.0"
      inherits "^2.0.1"
      ripemd160 "^2.0.0"
      safe-buffer "^5.0.1"
      sha.js "^2.4.8"
  
  drbg.js@^1.0.1:
    version "1.0.1"
    resolved "https://registry.yarnpkg.com/drbg.js/-/drbg.js-1.0.1.tgz#3e36b6c42b37043823cdbc332d58f31e2445480b"
    dependencies:
      browserify-aes "^1.0.6"
      create-hash "^1.1.2"
      create-hmac "^1.1.4"
  
  elliptic@=6.4.0, elliptic@^6.2.3:
    version "6.4.0"
    resolved "https://registry.yarnpkg.com/elliptic/-/elliptic-6.4.0.tgz#cac9af8762c85836187003c8dfe193e5e2eae5df"
    dependencies:
      bn.js "^4.4.0"
      brorand "^1.0.1"
      hash.js "^1.0.0"
      hmac-drbg "^1.0.0"
      inherits "^2.0.1"
      minimalistic-assert "^1.0.0"
      minimalistic-crypto-utils "^1.0.0"
  
  eth-hd-wallet@^0.4.0:
    version "0.4.0"
    resolved "https://registry.yarnpkg.com/eth-hd-wallet/-/eth-hd-wallet-0.4.0.tgz#07340cb385474a59d6a9828782472d912864d135"
    dependencies:
      bitcore-mnemonic "^1.2.5"
      eth-sig-util "^1.4.2"
      ethereumjs-tx "^1.3.3"
      ethereumjs-util "^5.1.2"
      ethereumjs-wallet "^0.6.0"
  
  eth-sig-util@^1.4.2:
    version "1.4.2"
    resolved "https://registry.yarnpkg.com/eth-sig-util/-/eth-sig-util-1.4.2.tgz#8d958202c7edbaae839707fba6f09ff327606210"
    dependencies:
      ethereumjs-abi "git+https://github.com/ethereumjs/ethereumjs-abi.git"
      ethereumjs-util "^5.1.1"
  
  ethereum-common@^0.0.18:
    version "0.0.18"
    resolved "https://registry.yarnpkg.com/ethereum-common/-/ethereum-common-0.0.18.tgz#2fdc3576f232903358976eb39da783213ff9523f"
  
  ethereum-wallet@0.0.1:
    version "0.0.1"
    resolved "https://registry.yarnpkg.com/ethereum-wallet/-/ethereum-wallet-0.0.1.tgz#011eaf7d75ea55fc2ef79dd4ec3cb213cd31377c"
  
  "ethereumjs-abi@git+https://github.com/ethereumjs/ethereumjs-abi.git":
    version "0.6.5"
    resolved "git+https://github.com/ethereumjs/ethereumjs-abi.git#00ba8463a7f7a67fcad737ff9c2ebd95643427f7"
    dependencies:
      bn.js "^4.10.0"
      ethereumjs-util "^5.0.0"
  
  ethereumjs-tx@^1.3.3:
    version "1.3.7"
    resolved "https://registry.yarnpkg.com/ethereumjs-tx/-/ethereumjs-tx-1.3.7.tgz#88323a2d875b10549b8347e09f4862b546f3d89a"
    dependencies:
      ethereum-common "^0.0.18"
      ethereumjs-util "^5.0.0"
  
  ethereumjs-util@^5.0.0, ethereumjs-util@^5.1.1, ethereumjs-util@^5.1.2, ethereumjs-util@^5.1.4:
    version "5.2.0"
    resolved "https://registry.yarnpkg.com/ethereumjs-util/-/ethereumjs-util-5.2.0.tgz#3e0c0d1741471acf1036052d048623dee54ad642"
    dependencies:
      bn.js "^4.11.0"
      create-hash "^1.1.2"
      ethjs-util "^0.1.3"
      keccak "^1.0.2"
      rlp "^2.0.0"
      safe-buffer "^5.1.1"
      secp256k1 "^3.0.1"
  
  ethereumjs-wallet@^0.6.0, ethereumjs-wallet@^0.6.1:
    version "0.6.1"
    resolved "https://registry.yarnpkg.com/ethereumjs-wallet/-/ethereumjs-wallet-0.6.1.tgz#b185205096577e6c32043238e9358bd3940d396f"
    dependencies:
      aes-js "^3.1.0"
      bs58check "^2.1.1"
      ethereumjs-util "^5.1.4"
      hdkey "^0.8.0"
      safe-buffer "^5.1.1"
      scrypt.js "^0.2.0"
      utf8 "^3.0.0"
      uuid "^3.2.1"
  
  ethjs-util@^0.1.3:
    version "0.1.6"
    resolved "https://registry.yarnpkg.com/ethjs-util/-/ethjs-util-0.1.6.tgz#f308b62f185f9fe6237132fb2a9818866a5cd536"
    dependencies:
      is-hex-prefixed "1.0.0"
      strip-hex-prefix "1.0.0"
  
  evp_bytestokey@^1.0.3:
    version "1.0.3"
    resolved "https://registry.yarnpkg.com/evp_bytestokey/-/evp_bytestokey-1.0.3.tgz#7fcbdb198dc71959432efe13842684e0525acb02"
    dependencies:
      md5.js "^1.3.4"
      safe-buffer "^5.1.1"
  
  hash-base@^3.0.0:
    version "3.0.4"
    resolved "https://registry.yarnpkg.com/hash-base/-/hash-base-3.0.4.tgz#5fc8686847ecd73499403319a6b0a3f3f6ae4918"
    dependencies:
      inherits "^2.0.1"
      safe-buffer "^5.0.1"
  
  hash.js@^1.0.0, hash.js@^1.0.3:
    version "1.1.5"
    resolved "https://registry.yarnpkg.com/hash.js/-/hash.js-1.1.5.tgz#e38ab4b85dfb1e0c40fe9265c0e9b54854c23812"
    dependencies:
      inherits "^2.0.3"
      minimalistic-assert "^1.0.1"
  
  hdkey@^0.8.0:
    version "0.8.0"
    resolved "https://registry.yarnpkg.com/hdkey/-/hdkey-0.8.0.tgz#08c9a9fcb6a42d9724d669f81c53a3c507f87bf1"
    dependencies:
      coinstring "^2.0.0"
      safe-buffer "^5.1.1"
      secp256k1 "^3.0.1"
  
  hmac-drbg@^1.0.0:
    version "1.0.1"
    resolved "https://registry.yarnpkg.com/hmac-drbg/-/hmac-drbg-1.0.1.tgz#d2745701025a6c775a6c545793ed502fc0c649a1"
    dependencies:
      hash.js "^1.0.3"
      minimalistic-assert "^1.0.0"
      minimalistic-crypto-utils "^1.0.1"
  
  inherits@=2.0.1:
    version "2.0.1"
    resolved "https://registry.yarnpkg.com/inherits/-/inherits-2.0.1.tgz#b17d08d326b4423e568eff719f91b0b1cbdf69f1"
  
  inherits@^2.0.1, inherits@^2.0.3:
    version "2.0.3"
    resolved "https://registry.yarnpkg.com/inherits/-/inherits-2.0.3.tgz#633c2c83e3da42a502f52466022480f4208261de"
  
  is-hex-prefixed@1.0.0:
    version "1.0.0"
    resolved "https://registry.yarnpkg.com/is-hex-prefixed/-/is-hex-prefixed-1.0.0.tgz#7d8d37e6ad77e5d127148913c573e082d777f554"
  
  keccak@^1.0.2:
    version "1.4.0"
    resolved "https://registry.yarnpkg.com/keccak/-/keccak-1.4.0.tgz#572f8a6dbee8e7b3aa421550f9e6408ca2186f80"
    dependencies:
      bindings "^1.2.1"
      inherits "^2.0.3"
      nan "^2.2.1"
      safe-buffer "^5.1.0"
  
  lodash@=4.17.4:
    version "4.17.4"
    resolved "https://registry.yarnpkg.com/lodash/-/lodash-4.17.4.tgz#78203a4d1c328ae1d86dca6460e369b57f4055ae"
  
  md5.js@^1.3.4:
    version "1.3.4"
    resolved "https://registry.yarnpkg.com/md5.js/-/md5.js-1.3.4.tgz#e9bdbde94a20a5ac18b04340fc5764d5b09d901d"
    dependencies:
      hash-base "^3.0.0"
      inherits "^2.0.1"
  
  minimalistic-assert@^1.0.0, minimalistic-assert@^1.0.1:
    version "1.0.1"
    resolved "https://registry.yarnpkg.com/minimalistic-assert/-/minimalistic-assert-1.0.1.tgz#2e194de044626d4a10e7f7fbc00ce73e83e4d5c7"
  
  minimalistic-crypto-utils@^1.0.0, minimalistic-crypto-utils@^1.0.1:
    version "1.0.1"
    resolved "https://registry.yarnpkg.com/minimalistic-crypto-utils/-/minimalistic-crypto-utils-1.0.1.tgz#f6c00c1c0b082246e5c4d99dfb8c7c083b2b582a"
  
  nan@^2.0.8, nan@^2.2.1:
    version "2.10.0"
    resolved "https://registry.yarnpkg.com/nan/-/nan-2.10.0.tgz#96d0cd610ebd58d4b4de9cc0c6828cda99c7548f"
  
  pbkdf2@^3.0.3:
    version "3.0.16"
    resolved "https://registry.yarnpkg.com/pbkdf2/-/pbkdf2-3.0.16.tgz#7404208ec6b01b62d85bf83853a8064f8d9c2a5c"
    dependencies:
      create-hash "^1.1.2"
      create-hmac "^1.1.4"
      ripemd160 "^2.0.1"
      safe-buffer "^5.0.1"
      sha.js "^2.4.8"
  
  ripemd160@^2.0.0, ripemd160@^2.0.1:
    version "2.0.2"
    resolved "https://registry.yarnpkg.com/ripemd160/-/ripemd160-2.0.2.tgz#a1c1a6f624751577ba5d07914cbc92850585890c"
    dependencies:
      hash-base "^3.0.0"
      inherits "^2.0.1"
  
  rlp@^2.0.0:
    version "2.1.0"
    resolved "https://registry.yarnpkg.com/rlp/-/rlp-2.1.0.tgz#e4f9886d5a982174f314543831e36e1a658460f9"
    dependencies:
      safe-buffer "^5.1.1"
  
  safe-buffer@^5.0.1, safe-buffer@^5.1.0, safe-buffer@^5.1.1, safe-buffer@^5.1.2:
    version "5.1.2"
    resolved "https://registry.yarnpkg.com/safe-buffer/-/safe-buffer-5.1.2.tgz#991ec69d296e0313747d59bdfd2b745c35f8828d"
  
  scrypt.js@^0.2.0:
    version "0.2.0"
    resolved "https://registry.yarnpkg.com/scrypt.js/-/scrypt.js-0.2.0.tgz#af8d1465b71e9990110bedfc593b9479e03a8ada"
    dependencies:
      scrypt "^6.0.2"
      scryptsy "^1.2.1"
  
  scrypt@^6.0.2:
    version "6.0.3"
    resolved "https://registry.yarnpkg.com/scrypt/-/scrypt-6.0.3.tgz#04e014a5682b53fa50c2d5cce167d719c06d870d"
    dependencies:
      nan "^2.0.8"
  
  scryptsy@^1.2.1:
    version "1.2.1"
    resolved "https://registry.yarnpkg.com/scryptsy/-/scryptsy-1.2.1.tgz#a3225fa4b2524f802700761e2855bdf3b2d92163"
    dependencies:
      pbkdf2 "^3.0.3"
  
  secp256k1@^3.0.1:
    version "3.5.0"
    resolved "https://registry.yarnpkg.com/secp256k1/-/secp256k1-3.5.0.tgz#677d3b8a8e04e1a5fa381a1ae437c54207b738d0"
    dependencies:
      bindings "^1.2.1"
      bip66 "^1.1.3"
      bn.js "^4.11.3"
      create-hash "^1.1.2"
      drbg.js "^1.0.1"
      elliptic "^6.2.3"
      nan "^2.2.1"
      safe-buffer "^5.1.0"
  
  sha.js@^2.4.0, sha.js@^2.4.8:
    version "2.4.11"
    resolved "https://registry.yarnpkg.com/sha.js/-/sha.js-2.4.11.tgz#37a5cf0b81ecbc6943de109ba2960d1b26584ae7"
    dependencies:
      inherits "^2.0.1"
      safe-buffer "^5.0.1"
  
  strip-hex-prefix@1.0.0:
    version "1.0.0"
    resolved "https://registry.yarnpkg.com/strip-hex-prefix/-/strip-hex-prefix-1.0.0.tgz#0c5f155fef1151373377de9dbb588da05500e36f"
    dependencies:
      is-hex-prefixed "1.0.0"
  
  unorm@^1.3.3:
    version "1.4.1"
    resolved "https://registry.yarnpkg.com/unorm/-/unorm-1.4.1.tgz#364200d5f13646ca8bcd44490271335614792300"
  
  utf8@^3.0.0:
    version "3.0.0"
    resolved "https://registry.yarnpkg.com/utf8/-/utf8-3.0.0.tgz#f052eed1364d696e769ef058b183df88c87f69d1"
  
  uuid@^3.2.1:
    version "3.3.2"
    resolved "https://registry.yarnpkg.com/uuid/-/uuid-3.3.2.tgz#1b4af4955eb3077c501c23872fc6513811587131"
